Build started 11/10/2016 11:31:06 م.
     1>Project "c:\Users\WIN8.1\documents\visual studio 2010\Projects\LCM\LCM\LCM.vcxproj" on node 2 (build target(s)).
     1>InitializeBuildStatus:
         Touching "Debug\LCM.unsuccessfulbuild".
       ClCompile:
         C:\Program Files (x86)\Microsoft Visual Studio 10.0\VC\bin\CL.exe /c /ZI /nologo /W3 /WX- /Od /Oy- /D WIN32 /D _DEBUG /D _CONSOLE /D _UNICODE /D UNICODE /Gm /EHsc /RTC1 /MDd /GS /fp:precise /Zc:wchar_t /Zc:forScope /Fo"Debug\\" /Fd"Debug\vc100.pdb" /Gd /TC /analyze- /errorReport:prompt LCM.c
         LCM.c
     1>c:\users\win8.1\documents\visual studio 2010\projects\lcm\lcm\lcm.c(7): warning C4996: 'scanf': This function or variable may be unsafe. Consider using scanf_s instead. To disable deprecation, use _CRT_SECURE_NO_WARNINGS. See online help for details.
                 c:\program files (x86)\microsoft visual studio 10.0\vc\include\stdio.h(304) : see declaration of 'scanf'
     1>c:\users\win8.1\documents\visual studio 2010\projects\lcm\lcm\lcm.c(10): warning C4996: 'scanf': This function or variable may be unsafe. Consider using scanf_s instead. To disable deprecation, use _CRT_SECURE_NO_WARNINGS. See online help for details.
                 c:\program files (x86)\microsoft visual studio 10.0\vc\include\stdio.h(304) : see declaration of 'scanf'
     1>c:\users\win8.1\documents\visual studio 2010\projects\lcm\lcm\lcm.c(32): warning C4013: 'getch' undefined; assuming extern returning int
       ManifestResourceCompile:
         C:\Program Files (x86)\Microsoft SDKs\Windows\v7.0A\bin\rc.exe /nologo /fo"Debug\LCM.exe.embed.manifest.res" Debug\LCM_manifest.rc 
       Link:
         C:\Program Files (x86)\Microsoft Visual Studio 10.0\VC\bin\link.exe /ERRORREPORT:PROMPT /OUT:"c:\users\win8.1\documents\visual studio 2010\Projects\LCM\Debug\LCM.exe" /INCREMENTAL /NOLOGO kernel32.lib user32.lib gdi32.lib winspool.lib comdlg32.lib advapi32.lib shell32.lib ole32.lib oleaut32.lib uuid.lib odbc32.lib odbccp32.lib /MANIFEST /ManifestFile:"Debug\LCM.exe.intermediate.manifest" /MANIFESTUAC:"level='asInvoker' uiAccess='false'" /DEBUG /PDB:"c:\users\win8.1\documents\visual studio 2010\Projects\LCM\Debug\LCM.pdb" /SUBSYSTEM:CONSOLE /TLBID:1 /DYNAMICBASE /NXCOMPAT /IMPLIB:"c:\users\win8.1\documents\visual studio 2010\Projects\LCM\Debug\LCM.lib" /MACHINE:X86 Debug\LCM.exe.embed.manifest.res
         Debug\LCM.obj
       Manifest:
         C:\Program Files (x86)\Microsoft SDKs\Windows\v7.0A\bin\mt.exe /nologo /verbose /out:"Debug\LCM.exe.embed.manifest" /manifest Debug\LCM.exe.intermediate.manifest
         C:\Program Files (x86)\Microsoft SDKs\Windows\v7.0A\bin\rc.exe /nologo /fo"Debug\LCM.exe.embed.manifest.res" Debug\LCM_manifest.rc 
       LinkEmbedManifest:
         C:\Program Files (x86)\Microsoft Visual Studio 10.0\VC\bin\link.exe /ERRORREPORT:PROMPT /OUT:"c:\users\win8.1\documents\visual studio 2010\Projects\LCM\Debug\LCM.exe" /INCREMENTAL /NOLOGO kernel32.lib user32.lib gdi32.lib winspool.lib comdlg32.lib advapi32.lib shell32.lib ole32.lib oleaut32.lib uuid.lib odbc32.lib odbccp32.lib /MANIFEST /ManifestFile:"Debug\LCM.exe.intermediate.manifest" /MANIFESTUAC:"level='asInvoker' uiAccess='false'" /DEBUG /PDB:"c:\users\win8.1\documents\visual studio 2010\Projects\LCM\Debug\LCM.pdb" /SUBSYSTEM:CONSOLE /TLBID:1 /DYNAMICBASE /NXCOMPAT /IMPLIB:"c:\users\win8.1\documents\visual studio 2010\Projects\LCM\Debug\LCM.lib" /MACHINE:X86 Debug\LCM.exe.embed.manifest.res
         Debug\LCM.obj
         LCM.vcxproj -> c:\users\win8.1\documents\visual studio 2010\Projects\LCM\Debug\LCM.exe
       FinalizeBuildStatus:
         Deleting file "Debug\LCM.unsuccessfulbuild".
         Touching "Debug\LCM.lastbuildstate".
     1>Done Building Project "c:\Users\WIN8.1\documents\visual studio 2010\Projects\LCM\LCM\LCM.vcxproj" (build target(s)).

Build succeeded.

Time Elapsed 00:00:00.89
