C:\USERS\WIN8.1\DOCUMENTS\VISUAL STUDIO 2010\PROJECTS\LCM\DEBUG\LCM.EXE
C:\USERS\WIN8.1\DOCUMENTS\VISUAL STUDIO 2010\PROJECTS\LCM\DEBUG\LCM.ILK
C:\USERS\WIN8.1\DOCUMENTS\VISUAL STUDIO 2010\PROJECTS\LCM\DEBUG\LCM.PDB
c:\Users\WIN8.1\documents\visual studio 2010\Projects\LCM\LCM\Debug\cl.command.1.tlog
c:\Users\WIN8.1\documents\visual studio 2010\Projects\LCM\LCM\Debug\CL.read.1.tlog
c:\Users\WIN8.1\documents\visual studio 2010\Projects\LCM\LCM\Debug\CL.write.1.tlog
C:\USERS\WIN8.1\DOCUMENTS\VISUAL STUDIO 2010\PROJECTS\LCM\LCM\DEBUG\LCM.EXE.EMBED.MANIFEST
C:\USERS\WIN8.1\DOCUMENTS\VISUAL STUDIO 2010\PROJECTS\LCM\LCM\DEBUG\LCM.EXE.EMBED.MANIFEST.RES
C:\USERS\WIN8.1\DOCUMENTS\VISUAL STUDIO 2010\PROJECTS\LCM\LCM\DEBUG\LCM.EXE.INTERMEDIATE.MANIFEST
C:\USERS\WIN8.1\DOCUMENTS\VISUAL STUDIO 2010\PROJECTS\LCM\LCM\DEBUG\LCM.OBJ
c:\Users\WIN8.1\documents\visual studio 2010\Projects\LCM\LCM\Debug\LCM.vcxprojResolveAssemblyReference.cache
c:\Users\WIN8.1\documents\visual studio 2010\Projects\LCM\LCM\Debug\LCM.write.1.tlog
c:\Users\WIN8.1\documents\visual studio 2010\Projects\LCM\LCM\Debug\LCM_manifest.rc
c:\Users\WIN8.1\documents\visual studio 2010\Projects\LCM\LCM\Debug\link.14300.read.1.tlog
c:\Users\WIN8.1\documents\visual studio 2010\Projects\LCM\LCM\Debug\link.14300.write.1.tlog
c:\Users\WIN8.1\documents\visual studio 2010\Projects\LCM\LCM\Debug\link.14300-cvtres.read.1.tlog
c:\Users\WIN8.1\documents\visual studio 2010\Projects\LCM\LCM\Debug\link.14300-cvtres.write.1.tlog
c:\Users\WIN8.1\documents\visual studio 2010\Projects\LCM\LCM\Debug\link.command.1.tlog
c:\Users\WIN8.1\documents\visual studio 2010\Projects\LCM\LCM\Debug\link.read.1.tlog
c:\Users\WIN8.1\documents\visual studio 2010\Projects\LCM\LCM\Debug\link.write.1.tlog
c:\Users\WIN8.1\documents\visual studio 2010\Projects\LCM\LCM\Debug\link-cvtres.read.1.tlog
c:\Users\WIN8.1\documents\visual studio 2010\Projects\LCM\LCM\Debug\link-cvtres.write.1.tlog
c:\Users\WIN8.1\documents\visual studio 2010\Projects\LCM\LCM\Debug\mt.command.1.tlog
c:\Users\WIN8.1\documents\visual studio 2010\Projects\LCM\LCM\Debug\mt.read.1.tlog
c:\Users\WIN8.1\documents\visual studio 2010\Projects\LCM\LCM\Debug\mt.write.1.tlog
c:\Users\WIN8.1\documents\visual studio 2010\Projects\LCM\LCM\Debug\rc.command.1.tlog
c:\Users\WIN8.1\documents\visual studio 2010\Projects\LCM\LCM\Debug\rc.read.1.tlog
c:\Users\WIN8.1\documents\visual studio 2010\Projects\LCM\LCM\Debug\rc.write.1.tlog
c:\Users\WIN8.1\documents\visual studio 2010\Projects\LCM\LCM\Debug\vc100.idb
C:\USERS\WIN8.1\DOCUMENTS\VISUAL STUDIO 2010\PROJECTS\LCM\LCM\DEBUG\VC100.PDB
